<?xml version="1.0" encoding="UTF-8"?>
<testsuite name="TestDataClasses" tests="2" skipped="0" failures="0" errors="0" timestamp="2020-11-18T13:19:20" hostname="macui-MacBookPro.local" time="0.025">
  <properties/>
  <testcase name="testComparePeople" classname="TestDataClasses" time="0.004"/>
  <testcase name="testListOfPeople" classname="TestDataClasses" time="0.02"/>
  <system-out><![CDATA[]]></system-out>
  <system-err><![CDATA[]]></system-err>
</testsuite>
